<?xml version="1.0" encoding="UTF-8"?>
<!-- Generated by org.testng.reporters.JUnitReportReporter -->
<testsuite hostname="Sasi" failures="0" tests="1" name="Scripts.TestCase2" time="5.475" errors="0" timestamp="2023-10-11T15:26:31 IST" skipped="0">
  <testcase classname="Scripts.TestCase2" name="tc2" time="5.475"/>
</testsuite> <!-- Scripts.TestCase2 -->
