<?xml version="1.0" encoding="UTF-8"?>
<!-- Generated by org.testng.reporters.JUnitReportReporter -->
<testsuite hostname="Sasi" failures="0" tests="1" name="Scripts.TestCase1" time="9.180" errors="0" timestamp="2023-10-11T19:45:17 IST" skipped="0">
  <testcase classname="Scripts.TestCase1" name="tc1" time="9.180"/>
</testsuite> <!-- Scripts.TestCase1 -->
